<?xml version="1.0" encoding="UTF-8"?>
<testsuite xmlns:xsi="http://www.w3.org/2001/XMLSchema-instance" xsi:noNamespaceSchemaLocation="https://maven.apache.org/surefire/maven-surefire-plugin/xsd/surefire-test-report-3.0.xsd" version="3.0" name="tiles.packages.sampledancestors.SampledAncestorsIntegrationTest" time="0.282" tests="4" errors="0" skipped="0" failures="0">
  <properties>
[...]
</properties>
  <testcase name="preservesDatedTipsInFossilizedBirthDeathTree" classname="tiles.packages.sampledancestors.SampledAncestorsIntegrationTest" time="0.23">
    <system-out><![CDATA[taxon1_0.0: 12 4
taxon2_1.0: 12 4
taxon3_2.0: 12 4
taxon4_3.0: 12 4
Alignment(null)
  4 taxa
  12 sites
  5 patterns

taxon1_0.0: 12 4
taxon2_1.0: 12 4
taxon3_2.0: 12 4
taxon4_3.0: 12 4
Alignment(dated-simple)
  4 taxa
  12 sites
  5 patterns

taxon1_0.0 = 0.0 (0.0)
taxon2_1.0 = 1.0 (1.0)
taxon3_2.0 = 2.0 (2.0)
taxon4_3.0 = 3.0 (3.0)
taxon1_0.0 = 0.0 (0.0)
taxon2_1.0 = 1.0 (1.0)
taxon3_2.0 = 2.0 (2.0)
taxon4_3.0 = 3.0 (3.0)
]]></system-out>
    <system-err><![CDATA[BEASTObjectStore found non-BEASTObject:
java.lang.String false beast.base.core.BEASTObject false
java.lang.Object false beast.base.core.BEASTObject false
BEASTObjectStore found non-BEASTObject:
java.lang.String false beast.base.core.BEASTObject false
java.lang.Object false beast.base.core.BEASTObject false
taxon1_0.0=0.0
taxon2_1.0=1.0
taxon3_2.0=2.0
taxon4_3.0=3.0
BEASTObjectStore found non-BEASTObject:
java.lang.Boolean false beast.base.core.BEASTObject false
java.lang.Object false beast.base.core.BEASTObject false
BEASTObjectStore found non-BEASTObject:
java.lang.Double false beast.base.core.BEASTObject false
java.lang.Number false beast.base.core.BEASTObject false
java.lang.Object false beast.base.core.BEASTObject false
BEASTObjectStore found non-BEASTObject:
java.lang.Boolean false beast.base.core.BEASTObject false
java.lang.Object false beast.base.core.BEASTObject false
BEASTObjectStore found non-BEASTObject:
java.lang.Double false beast.base.core.BEASTObject false
java.lang.Number false beast.base.core.BEASTObject false
java.lang.Object false beast.base.core.BEASTObject false
BEASTObjectStore found non-BEASTObject:
java.lang.Double false beast.base.core.BEASTObject false
java.lang.Number false beast.base.core.BEASTObject false
java.lang.Object false beast.base.core.BEASTObject false
BEASTObjectStore found non-BEASTObject:
java.lang.Double false beast.base.core.BEASTObject false
java.lang.Number false beast.base.core.BEASTObject false
java.lang.Object false beast.base.core.BEASTObject false
BEASTObjectStore found non-BEASTObject:
java.lang.Double false beast.base.core.BEASTObject false
java.lang.Number false beast.base.core.BEASTObject false
java.lang.Object false beast.base.core.BEASTObject false
taxon1_0.0=0.0
taxon2_1.0=1.0
taxon3_2.0=2.0
taxon4_3.0=3.0
]]></system-err>
  </testcase>
  <testcase name="buildsDiversificationTurnoverFossilizedBirthDeath" classname="tiles.packages.sampledancestors.SampledAncestorsIntegrationTest" time="0.022">
    <system-out><![CDATA[taxon1_0.0: 12 4
taxon2_1.0: 12 4
taxon3_2.0: 12 4
taxon4_3.0: 12 4
Alignment(null)
  4 taxa
  12 sites
  5 patterns

taxon1_0.0: 12 4
taxon2_1.0: 12 4
taxon3_2.0: 12 4
taxon4_3.0: 12 4
Alignment(dated-simple)
  4 taxa
  12 sites
  5 patterns

]]></system-out>
  </testcase>
  <testcase name="discoversFossilizedBirthDeathTileThroughServiceLoader" classname="tiles.packages.sampledancestors.SampledAncestorsIntegrationTest" time="0.002"/>
  <testcase name="buildsDirectRateFossilizedBirthDeathWithoutRootAge" classname="tiles.packages.sampledancestors.SampledAncestorsIntegrationTest" time="0.021">
    <system-out><![CDATA[taxon1_0.0: 12 4
taxon2_1.0: 12 4
taxon3_2.0: 12 4
taxon4_3.0: 12 4
Alignment(null)
  4 taxa
  12 sites
  5 patterns

taxon1_0.0: 12 4
taxon2_1.0: 12 4
taxon3_2.0: 12 4
taxon4_3.0: 12 4
Alignment(dated-simple)
  4 taxa
  12 sites
  5 patterns

]]></system-out>
  </testcase>
</testsuite>